--------------------------------------------------------------------------------------------------
      name:  <unnamed>
       log:  C:\Users\ljubi\Dropbox (Personal)\Templeton 2.0\2022 Templeton Leveraging Talent\log/
> openness.log
  log type:  text
 opened on:  30 Jan 2025, 11:18:24

. 
. describe _all

Variable      Storage   Display    Value
    name         type    format    label      Variable label
--------------------------------------------------------------------------------------------------
year            float   %9.0g                 Year
iso3_d          str3    %9s                   ISO3 destination
reg             str19   %19s                  Region ISO3 destination
pop_wb_d        double  %10.0g                Population ISO3 destination, WB data
migt_wb         double  %10.0g                # tertiary educated immigrants, WB data
mignt_wb        double  %10.0g                # non-tertiary educated immigrants, WB data
mig_wb          double  %10.0g                # all immigrants, WB data
mig_un          double  %9.0g                 # all immigrants, UN data
o_mig_un10      double  %9.0g                 Diversity-based openness (10/1M cutoff) Any skill
                                                level
o_mig_un9       double  %9.0g                 Diversity-based openness (9/1M cutoff) any skill
                                                level
o_mig_un8       double  %9.0g                 Diversity-based openness (8/1M cutoff) any skill
                                                level
o_mig_un7       double  %9.0g                 Diversity-based openness (7/1M cutoff) any skill
                                                level
o_mig_un6       double  %9.0g                 Diversity-based openness (6/1M cutoff) any skill
                                                level
o_mig_un5       double  %9.0g                 Diversity-based openness (5/1M cutoff) any skill
                                                level
o_mig_un4       double  %9.0g                 Diversity-based openness (4/1M cutoff) any skill
                                                level
o_mig_un3       double  %9.0g                 Diversity-based openness (3/1M cutoff) any skill
                                                level
o_mig_un2       double  %9.0g                 Diversity-based openness (2/1M cutoff) any skill
                                                level
o_mig_un1       double  %9.0g                 Diversity-based openness (1/1M cutoff) any skill
                                                level
o_migt_dioc10   double  %9.0g                 Diversity-based openness (10/1M cutoff) tertiary
                                                level
o_migt_dioc9    double  %9.0g                 Diversity-based openness (9/1M cutoff) tertiary
                                                level
o_migt_dioc8    double  %9.0g                 Diversity-based openness (8/1M cutoff) tertiary
                                                level
o_migt_dioc7    double  %9.0g                 Diversity-based openness (7/1M cutoff) tertiary
                                                level
o_migt_dioc6    double  %9.0g                 Diversity-based openness (6/1M cutoff) tertiary
                                                level
o_migt_dioc5    double  %9.0g                 Diversity-based openness (5/1M cutoff) tertiary
                                                level
o_migt_dioc4    double  %9.0g                 Diversity-based openness (4/1M cutoff) tertiary
                                                level
o_migt_dioc3    double  %9.0g                 Diversity-based openness (3/1M cutoff) tertiary
                                                level
o_migt_dioc2    double  %9.0g                 Diversity-based openness (2/1M cutoff) tertiary
                                                level
o_migt_dioc1    double  %9.0g                 Diversity-based openness (1/1M cutoff) tertiary
                                                level
o_mignt_dioc10  double  %9.0g                 Diversity-based openness (10/1M cutoff) <tertiary
                                                level
o_mignt_dioc9   double  %9.0g                 Diversity-based openness (9/1M cutoff) <tertiary
                                                level
o_mignt_dioc8   double  %9.0g                 Diversity-based openness (8/1M cutoff) <tertiary
                                                level
o_mignt_dioc7   double  %9.0g                 Diversity-based openness (7/1M cutoff) <tertiary
                                                level
o_mignt_dioc6   double  %9.0g                 Diversity-based openness (6/1M cutoff) <tertiary
                                                level
o_mignt_dioc5   double  %9.0g                 Diversity-based openness (5/1M cutoff) <tertiary
                                                level
o_mignt_dioc4   double  %9.0g                 Diversity-based openness (4/1M cutoff) <tertiary
                                                level
o_mignt_dioc3   double  %9.0g                 Diversity-based openness (3/1M cutoff) <tertiary
                                                level
o_mignt_dioc2   double  %9.0g                 Diversity-based openness (2/1M cutoff) <tertiary
                                                level
o_mignt_dioc1   double  %9.0g                 Diversity-based openness (1/1M cutoff) <tertiary
                                                level
avg_o_mig_un    float   %9.0g                 Average openness (cutoffs 5/1M to 10/1M) any skill
                                                level, UN data
avg_o_migt_dioc float   %9.0g                 Average openness (cutoffs 5/1M to 10/1M)
                                                non-tertiary level, DIOC data
avg_o_mignt_d~c float   %9.0g                 Average openness (cutoffs 5/1M to 10/1M) tertiary
                                                level, DIOC data
rank_o_mig_un   float   %9.0g                 Rank of openness towards all immigrants
rank_o_migt_d~c float   %9.0g                 Rank of openness towards tertiary educated
                                                immigrants
rank_o_mignt_~c float   %9.0g                 Rank of openness towards non-tertiary educated
                                                immigrants
migt_sh_wb      float   %9.0g                 Share of tertiary educated immigrants, WB data
mignt_sh_wb     float   %9.0g                 Share of non-tertiary educated immigrants, WB data

. 
. 
. cap log close
